{"timestamp":"2025-10-20T11:11:11.4415298+08:00","level":"INFO","message":"Starting tunnel-flow server...","caller":"main.go:35"}
{"timestamp":"2025-10-20T11:11:11.4509561+08:00","level":"INFO","message":"Configuration loaded successfully","caller":"main.go:42"}
{"timestamp":"2025-10-20T11:11:11.4597017+08:00","level":"INFO","message":"Database initialized successfully","caller":"main.go:53"}
{"timestamp":"2025-10-20T11:11:11.4597017+08:00","level":"INFO","message":"Performance components initialized","caller":"main.go:74"}
{"timestamp":"2025-10-20T11:11:11.4597017+08:00","level":"INFO","message":"Monitoring components initialized","caller":"main.go:93"}
{"timestamp":"2025-10-20T11:11:11.4602191+08:00","level":"INFO","message":"Database health check passed","caller":"main.go:99"}
{"timestamp":"2025-10-20T11:11:11.4602191+08:00","level":"INFO","message":"Server started successfully. Press Ctrl+C to stop.","caller":"main.go:153"}
{"timestamp":"2025-10-20T11:11:11.4602191+08:00","level":"INFO","message":"Starting multi-port servers...","caller":"main.go:143"}
{"timestamp":"2025-10-20T11:12:11.4603846+08:00","level":"INFO","message":"Memory Stats - Alloc: 1852 KB, TotalAlloc: 2832 KB, Sys: 12116 KB, NumGC: 1, Goroutines: 45","caller":"main.go:133"}
{"timestamp":"2025-10-20T11:13:11.4605451+08:00","level":"INFO","message":"Memory Stats - Alloc: 1892 KB, TotalAlloc: 2872 KB, Sys: 12116 KB, NumGC: 1, Goroutines: 35","caller":"main.go:133"}
{"timestamp":"2025-10-20T11:14:11.4605402+08:00","level":"INFO","message":"Memory Stats - Alloc: 1282 KB, TotalAlloc: 2913 KB, Sys: 12692 KB, NumGC: 2, Goroutines: 35","caller":"main.go:133"}
{"timestamp":"2025-10-20T11:15:11.4605916+08:00","level":"INFO","message":"Memory Stats - Alloc: 1329 KB, TotalAlloc: 2960 KB, Sys: 12692 KB, NumGC: 2, Goroutines: 35","caller":"main.go:133"}
{"timestamp":"2025-10-20T11:16:11.4606562+08:00","level":"INFO","message":"Memory Stats - Alloc: 1002 KB, TotalAlloc: 2997 KB, Sys: 12692 KB, NumGC: 3, Goroutines: 37","caller":"main.go:133"}
{"timestamp":"2025-10-20T11:17:11.4607925+08:00","level":"INFO","message":"Memory Stats - Alloc: 1052 KB, TotalAlloc: 3048 KB, Sys: 12692 KB, NumGC: 3, Goroutines: 35","caller":"main.go:133"}
{"timestamp":"2025-10-20T11:18:11.4604515+08:00","level":"INFO","message":"Memory Stats - Alloc: 1004 KB, TotalAlloc: 3088 KB, Sys: 12692 KB, NumGC: 4, Goroutines: 35","caller":"main.go:133"}
{"timestamp":"2025-10-20T11:19:11.4605654+08:00","level":"INFO","message":"Memory Stats - Alloc: 1053 KB, TotalAlloc: 3137 KB, Sys: 12692 KB, NumGC: 4, Goroutines: 35","caller":"main.go:133"}
{"timestamp":"2025-10-20T11:20:11.4602501+08:00","level":"INFO","message":"Memory Stats - Alloc: 1004 KB, TotalAlloc: 3174 KB, Sys: 12692 KB, NumGC: 5, Goroutines: 37","caller":"main.go:133"}
{"timestamp":"2025-10-20T11:21:11.4605135+08:00","level":"INFO","message":"Memory Stats - Alloc: 1052 KB, TotalAlloc: 3222 KB, Sys: 12692 KB, NumGC: 5, Goroutines: 35","caller":"main.go:133"}
{"timestamp":"2025-10-20T11:22:11.4604389+08:00","level":"INFO","message":"Memory Stats - Alloc: 1005 KB, TotalAlloc: 3261 KB, Sys: 12692 KB, NumGC: 6, Goroutines: 35","caller":"main.go:133"}
{"timestamp":"2025-10-20T11:23:11.4605891+08:00","level":"INFO","message":"Memory Stats - Alloc: 1053 KB, TotalAlloc: 3309 KB, Sys: 12692 KB, NumGC: 6, Goroutines: 35","caller":"main.go:133"}
